0 info it worked if it ends with ok
1 verbose cli [ 'C:\\Program Files\\nodejs\\node.exe',
1 verbose cli   'C:\\Program Files\\nodejs\\node_modules\\npm\\bin\\npm-cli.js',
1 verbose cli   'install',
1 verbose cli   'hexo-algoliasearch',
1 verbose cli   '--save' ]
2 info using npm@3.8.3
3 info using node@v5.10.1
4 silly loadCurrentTree Starting
5 silly install loadCurrentTree
6 silly install readLocalPackageData
7 silly fetchPackageMetaData hexo-algoliasearch
8 silly fetchNamedPackageData hexo-algoliasearch
9 silly mapToRegistry name hexo-algoliasearch
10 silly mapToRegistry using default registry
11 silly mapToRegistry registry https://registry.npm.taobao.org/
12 silly mapToRegistry data Result {
12 silly mapToRegistry   raw: 'hexo-algoliasearch',
12 silly mapToRegistry   scope: null,
12 silly mapToRegistry   name: 'hexo-algoliasearch',
12 silly mapToRegistry   rawSpec: '',
12 silly mapToRegistry   spec: 'latest',
12 silly mapToRegistry   type: 'tag' }
13 silly mapToRegistry uri https://registry.npm.taobao.org/hexo-algoliasearch
14 verbose request uri https://registry.npm.taobao.org/hexo-algoliasearch
15 verbose request no auth needed
16 info attempt registry request try #1 at 15:38:36
17 verbose request id 1afbbd544e192e01
18 verbose etag "2245-tVDMo+0vJA+q+0j9D4Gu9A"
19 http request GET https://registry.npm.taobao.org/hexo-algoliasearch
20 http 304 https://registry.npm.taobao.org/hexo-algoliasearch
21 verbose headers { date: 'Tue, 20 Sep 2016 07:38:39 GMT',
21 verbose headers   connection: 'keep-alive',
21 verbose headers   'x-current-requests': '1',
21 verbose headers   etag: '"2245-tVDMo+0vJA+q+0j9D4Gu9A"',
21 verbose headers   'x-readtime': '14' }
22 silly get cb [ 304,
22 silly get   { date: 'Tue, 20 Sep 2016 07:38:39 GMT',
22 silly get     connection: 'keep-alive',
22 silly get     'x-current-requests': '1',
22 silly get     etag: '"2245-tVDMo+0vJA+q+0j9D4Gu9A"',
22 silly get     'x-readtime': '14' } ]
23 verbose etag https://registry.npm.taobao.org/hexo-algoliasearch from cache
24 verbose get saving hexo-algoliasearch to C:\Users\STD\AppData\Roaming\npm-cache\registry.npm.taobao.org\hexo-algoliasearch\.cache.json
25 verbose correctMkdir C:\Users\STD\AppData\Roaming\npm-cache correctMkdir not in flight; initializing
26 silly install normalizeTree
27 silly loadCurrentTree Finishing
28 silly loadIdealTree Starting
29 silly install loadIdealTree
30 silly cloneCurrentTree Starting
31 silly install cloneCurrentTreeToIdealTree
32 silly cloneCurrentTree Finishing
33 silly loadShrinkwrap Starting
34 silly install loadShrinkwrap
35 silly loadShrinkwrap Finishing
36 silly loadAllDepsIntoIdealTree Starting
37 silly install loadAllDepsIntoIdealTree
38 silly resolveWithNewModule hexo-algoliasearch@0.2.1 checking installable status
39 silly cache add args [ 'hexo-algoliasearch', null ]
40 verbose cache add spec hexo-algoliasearch
41 silly cache add parsed spec Result {
41 silly cache add   raw: 'hexo-algoliasearch',
41 silly cache add   scope: null,
41 silly cache add   name: 'hexo-algoliasearch',
41 silly cache add   rawSpec: '',
41 silly cache add   spec: 'latest',
41 silly cache add   type: 'tag' }
42 silly addNamed hexo-algoliasearch@latest
43 verbose addNamed "latest" is being treated as a dist-tag for hexo-algoliasearch
44 info addNameTag [ 'hexo-algoliasearch', 'latest' ]
45 silly mapToRegistry name hexo-algoliasearch
46 silly mapToRegistry using default registry
47 silly mapToRegistry registry https://registry.npm.taobao.org/
48 silly mapToRegistry data Result {
48 silly mapToRegistry   raw: 'hexo-algoliasearch',
48 silly mapToRegistry   scope: null,
48 silly mapToRegistry   name: 'hexo-algoliasearch',
48 silly mapToRegistry   rawSpec: '',
48 silly mapToRegistry   spec: 'latest',
48 silly mapToRegistry   type: 'tag' }
49 silly mapToRegistry uri https://registry.npm.taobao.org/hexo-algoliasearch
50 verbose addNameTag registry:https://registry.npm.taobao.org/hexo-algoliasearch not in flight; fetching
51 verbose get https://registry.npm.taobao.org/hexo-algoliasearch not expired, no request
52 silly addNameTag next cb for hexo-algoliasearch with tag latest
53 silly addNamed hexo-algoliasearch@0.2.1
54 verbose addNamed "0.2.1" is a plain semver version for hexo-algoliasearch
55 silly cache afterAdd hexo-algoliasearch@0.2.1
56 verbose afterAdd C:\Users\STD\AppData\Roaming\npm-cache\hexo-algoliasearch\0.2.1\package\package.json not in flight; writing
57 verbose correctMkdir C:\Users\STD\AppData\Roaming\npm-cache correctMkdir not in flight; initializing
58 verbose afterAdd C:\Users\STD\AppData\Roaming\npm-cache\hexo-algoliasearch\0.2.1\package\package.json written
59 silly fetchNamedPackageData algoliasearch
60 silly mapToRegistry name algoliasearch
61 silly mapToRegistry using default registry
62 silly mapToRegistry registry https://registry.npm.taobao.org/
63 silly mapToRegistry data Result {
63 silly mapToRegistry   raw: 'algoliasearch',
63 silly mapToRegistry   scope: null,
63 silly mapToRegistry   name: 'algoliasearch',
63 silly mapToRegistry   rawSpec: '',
63 silly mapToRegistry   spec: 'latest',
63 silly mapToRegistry   type: 'tag' }
64 silly mapToRegistry uri https://registry.npm.taobao.org/algoliasearch
65 silly fetchNamedPackageData async
66 silly mapToRegistry name async
67 silly mapToRegistry using default registry
68 silly mapToRegistry registry https://registry.npm.taobao.org/
69 silly mapToRegistry data Result {
69 silly mapToRegistry   raw: 'async',
69 silly mapToRegistry   scope: null,
69 silly mapToRegistry   name: 'async',
69 silly mapToRegistry   rawSpec: '',
69 silly mapToRegistry   spec: 'latest',
69 silly mapToRegistry   type: 'tag' }
70 silly mapToRegistry uri https://registry.npm.taobao.org/async
71 verbose request uri https://registry.npm.taobao.org/async
72 verbose request no auth needed
73 info attempt registry request try #1 at 15:38:40
74 verbose etag "1dfc2-aTAhbyVjwjoQKq+xoJrEMg"
75 http request GET https://registry.npm.taobao.org/async
76 verbose request uri https://registry.npm.taobao.org/algoliasearch
77 verbose request no auth needed
78 info attempt registry request try #1 at 15:38:40
79 verbose etag "5aa27-Hcfw68dDmF67mOm9j38UQg"
80 http request GET https://registry.npm.taobao.org/algoliasearch
81 http 304 https://registry.npm.taobao.org/async
82 verbose headers { date: 'Tue, 20 Sep 2016 07:38:39 GMT',
82 verbose headers   connection: 'keep-alive',
82 verbose headers   'x-current-requests': '1',
82 verbose headers   etag: '"1dfc2-aTAhbyVjwjoQKq+xoJrEMg"',
82 verbose headers   'x-readtime': '273' }
83 silly get cb [ 304,
83 silly get   { date: 'Tue, 20 Sep 2016 07:38:39 GMT',
83 silly get     connection: 'keep-alive',
83 silly get     'x-current-requests': '1',
83 silly get     etag: '"1dfc2-aTAhbyVjwjoQKq+xoJrEMg"',
83 silly get     'x-readtime': '273' } ]
84 verbose etag https://registry.npm.taobao.org/async from cache
85 verbose get saving async to C:\Users\STD\AppData\Roaming\npm-cache\registry.npm.taobao.org\async\.cache.json
86 verbose correctMkdir C:\Users\STD\AppData\Roaming\npm-cache correctMkdir not in flight; initializing
87 silly resolveWithNewModule async@2.0.1 checking installable status
88 silly cache add args [ 'async@^2.0.0-rc.6', null ]
89 verbose cache add spec async@^2.0.0-rc.6
90 silly cache add parsed spec Result {
90 silly cache add   raw: 'async@^2.0.0-rc.6',
90 silly cache add   scope: null,
90 silly cache add   name: 'async',
90 silly cache add   rawSpec: '^2.0.0-rc.6',
90 silly cache add   spec: '>=2.0.0-rc.6 <3.0.0',
90 silly cache add   type: 'range' }
91 silly addNamed async@>=2.0.0-rc.6 <3.0.0
92 verbose addNamed ">=2.0.0-rc.6 <3.0.0" is a valid semver range for async
93 silly addNameRange { name: 'async', range: '>=2.0.0-rc.6 <3.0.0', hasData: false }
94 silly mapToRegistry name async
95 silly mapToRegistry using default registry
96 silly mapToRegistry registry https://registry.npm.taobao.org/
97 silly mapToRegistry data Result {
97 silly mapToRegistry   raw: 'async',
97 silly mapToRegistry   scope: null,
97 silly mapToRegistry   name: 'async',
97 silly mapToRegistry   rawSpec: '',
97 silly mapToRegistry   spec: 'latest',
97 silly mapToRegistry   type: 'tag' }
98 silly mapToRegistry uri https://registry.npm.taobao.org/async
99 verbose addNameRange registry:https://registry.npm.taobao.org/async not in flight; fetching
100 verbose get https://registry.npm.taobao.org/async not expired, no request
101 silly addNameRange number 2 { name: 'async', range: '>=2.0.0-rc.6 <3.0.0', hasData: true }
102 silly addNameRange versions [ 'async',
102 silly addNameRange   [ '2.0.1',
102 silly addNameRange     '2.0.0',
102 silly addNameRange     '2.0.0-rc.6',
102 silly addNameRange     '2.0.0-rc.5',
102 silly addNameRange     '2.0.0-rc.4',
102 silly addNameRange     '2.0.0-rc.3',
102 silly addNameRange     '2.0.0-rc.2',
102 silly addNameRange     '2.0.0-rc.1',
102 silly addNameRange     '2.0.0-alpha.0',
102 silly addNameRange     '1.5.2',
102 silly addNameRange     '1.5.1',
102 silly addNameRange     '1.5.0',
102 silly addNameRange     '1.4.2',
102 silly addNameRange     '1.4.1',
102 silly addNameRange     '1.4.0',
102 silly addNameRange     '1.3.0',
102 silly addNameRange     '1.2.1',
102 silly addNameRange     '1.1.1',
102 silly addNameRange     '1.2.0',
102 silly addNameRange     '1.1.0',
102 silly addNameRange     '1.0.0',
102 silly addNameRange     '0.9.2',
102 silly addNameRange     '0.9.0',
102 silly addNameRange     '0.8.0',
102 silly addNameRange     '0.7.0',
102 silly addNameRange     '0.6.2',
102 silly addNameRange     '0.6.1',
102 silly addNameRange     '0.6.0',
102 silly addNameRange     '0.5.0',
102 silly addNameRange     '0.4.1',
102 silly addNameRange     '0.4.0',
102 silly addNameRange     '0.3.0',
102 silly addNameRange     '0.2.10',
102 silly addNameRange     '0.2.9',
102 silly addNameRange     '0.2.8',
102 silly addNameRange     '0.2.7',
102 silly addNameRange     '0.2.6',
102 silly addNameRange     '0.2.5',
102 silly addNameRange     '0.2.4',
102 silly addNameRange     '0.2.3',
102 silly addNameRange     '0.2.2',
102 silly addNameRange     '0.2.1',
102 silly addNameRange     '0.2.0',
102 silly addNameRange     '0.1.22',
102 silly addNameRange     '0.1.21',
102 silly addNameRange     '0.1.20',
102 silly addNameRange     '0.1.19',
102 silly addNameRange     '0.1.18',
102 silly addNameRange     '0.1.17',
102 silly addNameRange     '0.1.16',
102 silly addNameRange     '0.1.15',
102 silly addNameRange     '0.1.14',
102 silly addNameRange     '0.1.13',
102 silly addNameRange     '0.1.12',
102 silly addNameRange     '0.1.11',
102 silly addNameRange     '0.1.10',
102 silly addNameRange     '0.1.9',
102 silly addNameRange     '0.1.8',
102 silly addNameRange     '0.1.2',
102 silly addNameRange     '0.1.7',
102 silly addNameRange     '0.1.6',
102 silly addNameRange     '0.1.5',
102 silly addNameRange     '0.1.4',
102 silly addNameRange     '0.1.3',
102 silly addNameRange     '0.1.1',
102 silly addNameRange     '0.1.0' ] ]
103 silly addNamed async@2.0.1
104 verbose addNamed "2.0.1" is a plain semver version for async
105 silly cache afterAdd async@2.0.1
106 verbose afterAdd C:\Users\STD\AppData\Roaming\npm-cache\async\2.0.1\package\package.json not in flight; writing
107 verbose correctMkdir C:\Users\STD\AppData\Roaming\npm-cache correctMkdir not in flight; initializing
108 verbose afterAdd C:\Users\STD\AppData\Roaming\npm-cache\async\2.0.1\package\package.json written
109 http 304 https://registry.npm.taobao.org/algoliasearch
110 verbose headers { date: 'Tue, 20 Sep 2016 07:38:40 GMT',
110 verbose headers   connection: 'keep-alive',
110 verbose headers   'x-current-requests': '1',
110 verbose headers   etag: '"5aa27-Hcfw68dDmF67mOm9j38UQg"',
110 verbose headers   'x-readtime': '494' }
111 silly get cb [ 304,
111 silly get   { date: 'Tue, 20 Sep 2016 07:38:40 GMT',
111 silly get     connection: 'keep-alive',
111 silly get     'x-current-requests': '1',
111 silly get     etag: '"5aa27-Hcfw68dDmF67mOm9j38UQg"',
111 silly get     'x-readtime': '494' } ]
112 verbose etag https://registry.npm.taobao.org/algoliasearch from cache
113 verbose get saving algoliasearch to C:\Users\STD\AppData\Roaming\npm-cache\registry.npm.taobao.org\algoliasearch\.cache.json
114 verbose correctMkdir C:\Users\STD\AppData\Roaming\npm-cache correctMkdir not in flight; initializing
115 silly resolveWithNewModule algoliasearch@3.18.1 checking installable status
116 silly cache add args [ 'algoliasearch@^3.16.0', null ]
117 verbose cache add spec algoliasearch@^3.16.0
118 silly cache add parsed spec Result {
118 silly cache add   raw: 'algoliasearch@^3.16.0',
118 silly cache add   scope: null,
118 silly cache add   name: 'algoliasearch',
118 silly cache add   rawSpec: '^3.16.0',
118 silly cache add   spec: '>=3.16.0 <4.0.0',
118 silly cache add   type: 'range' }
119 silly addNamed algoliasearch@>=3.16.0 <4.0.0
120 verbose addNamed ">=3.16.0 <4.0.0" is a valid semver range for algoliasearch
121 silly addNameRange { name: 'algoliasearch',
121 silly addNameRange   range: '>=3.16.0 <4.0.0',
121 silly addNameRange   hasData: false }
122 silly mapToRegistry name algoliasearch
123 silly mapToRegistry using default registry
124 silly mapToRegistry registry https://registry.npm.taobao.org/
125 silly mapToRegistry data Result {
125 silly mapToRegistry   raw: 'algoliasearch',
125 silly mapToRegistry   scope: null,
125 silly mapToRegistry   name: 'algoliasearch',
125 silly mapToRegistry   rawSpec: '',
125 silly mapToRegistry   spec: 'latest',
125 silly mapToRegistry   type: 'tag' }
126 silly mapToRegistry uri https://registry.npm.taobao.org/algoliasearch
127 verbose addNameRange registry:https://registry.npm.taobao.org/algoliasearch not in flight; fetching
128 verbose get https://registry.npm.taobao.org/algoliasearch not expired, no request
129 silly addNameRange number 2 { name: 'algoliasearch',
129 silly addNameRange   range: '>=3.16.0 <4.0.0',
129 silly addNameRange   hasData: true }
130 silly addNameRange versions [ 'algoliasearch',
130 silly addNameRange   [ '3.18.1',
130 silly addNameRange     '3.18.0',
130 silly addNameRange     '3.17.0',
130 silly addNameRange     '3.16.0',
130 silly addNameRange     '3.15.1',
130 silly addNameRange     '3.15.0',
130 silly addNameRange     '3.14.6',
130 silly addNameRange     '3.14.5',
130 silly addNameRange     '3.14.4',
130 silly addNameRange     '3.14.3',
130 silly addNameRange     '3.14.2',
130 silly addNameRange     '3.14.1',
130 silly addNameRange     '3.14.0',
130 silly addNameRange     '3.13.1',
130 silly addNameRange     '3.13.0',
130 silly addNameRange     '3.12.0',
130 silly addNameRange     '3.11.0',
130 silly addNameRange     '3.10.2',
130 silly addNameRange     '3.10.1',
130 silly addNameRange     '3.10.1-beta1',
130 silly addNameRange     '3.10.1-beta',
130 silly addNameRange     '3.10.0',
130 silly addNameRange     '3.9.4',
130 silly addNameRange     '3.9.3',
130 silly addNameRange     '3.9.2',
130 silly addNameRange     '3.9.1',
130 silly addNameRange     '3.9.0',
130 silly addNameRange     '3.8.1',
130 silly addNameRange     '3.8.0',
130 silly addNameRange     '3.7.8',
130 silly addNameRange     '3.7.7',
130 silly addNameRange     '3.7.6',
130 silly addNameRange     '3.7.5',
130 silly addNameRange     '3.7.4',
130 silly addNameRange     '3.7.3',
130 silly addNameRange     '3.7.2',
130 silly addNameRange     '3.7.1',
130 silly addNameRange     '3.7.0',
130 silly addNameRange     '3.6.3',
130 silly addNameRange     '3.6.2',
130 silly addNameRange     '3.6.1',
130 silly addNameRange     '3.6.0',
130 silly addNameRange     '3.5.0',
130 silly addNameRange     '2.9.7',
130 silly addNameRange     '3.4.0',
130 silly addNameRange     '3.3.2',
130 silly addNameRange     '3.3.1',
130 silly addNameRange     '3.3.0',
130 silly addNameRange     '3.2.4',
130 silly addNameRange     '3.2.3',
130 silly addNameRange     '3.2.2',
130 silly addNameRange     '3.2.1',
130 silly addNameRange     '3.2.0',
130 silly addNameRange     '3.1.0',
130 silly addNameRange     '3.0.7',
130 silly addNameRange     '2.9.6',
130 silly addNameRange     '3.0.6',
130 silly addNameRange     '3.0.5',
130 silly addNameRange     '3.0.4',
130 silly addNameRange     '2.9.5',
130 silly addNameRange     '3.0.3',
130 silly addNameRange     '3.0.2',
130 silly addNameRange     '3.0.1',
130 silly addNameRange     '3.0.0',
130 silly addNameRange     '2.9.4',
130 silly addNameRange     '2.9.3',
130 silly addNameRange     '2.9.2',
130 silly addNameRange     '2.9.1',
130 silly addNameRange     '2.9.0',
130 silly addNameRange     '2.8.6',
130 silly addNameRange     '2.8.5',
130 silly addNameRange     '2.8.4',
130 silly addNameRange     '2.8.3',
130 silly addNameRange     '2.8.2',
130 silly addNameRange     '2.8.1',
130 silly addNameRange     '2.8.0',
130 silly addNameRange     '2.7.5',
130 silly addNameRange     '2.7.4',
130 silly addNameRange     '2.7.3',
130 silly addNameRange     '2.7.2',
130 silly addNameRange     '2.7.1',
130 silly addNameRange     '2.7.0',
130 silly addNameRange     '2.6.6',
130 silly addNameRange     '2.6.4',
130 silly addNameRange     '2.6.3',
130 silly addNameRange     '2.6.2',
130 silly addNameRange     '2.6.1',
130 silly addNameRange     '2.6.0',
130 silly addNameRange     '2.5.4',
130 silly addNameRange     '2.5.3',
130 silly addNameRange     '2.5.2',
130 silly addNameRange     '2.5.1',
130 silly addNameRange     '2.5.0',
130 silly addNameRange     '2.4.7',
130 silly addNameRange     '2.4.6',
130 silly addNameRange     '2.4.5',
130 silly addNameRange     '2.4.4',
130 silly addNameRange     '2.4.3',
130 silly addNameRange     '2.4.2',
130 silly addNameRange     '2.4.0',
130 silly addNameRange     '2.3.7',
130 silly addNameRange     '2.3.6',
130 silly addNameRange     '2.3.5',
130 silly addNameRange     '2.3.4',
130 silly addNameRange     '2.3.3',
130 silly addNameRange     '2.3.2',
130 silly addNameRange     '2.3.1',
130 silly addNameRange     '2.3.0',
130 silly addNameRange     '2.2.0',
130 silly addNameRange     '2.1.1',
130 silly addNameRange     '2.1.0' ] ]
131 silly addNamed algoliasearch@3.18.1
132 verbose addNamed "3.18.1" is a plain semver version for algoliasearch
133 silly cache afterAdd algoliasearch@3.18.1
134 verbose afterAdd C:\Users\STD\AppData\Roaming\npm-cache\algoliasearch\3.18.1\package\package.json not in flight; writing
135 verbose correctMkdir C:\Users\STD\AppData\Roaming\npm-cache correctMkdir not in flight; initializing
136 verbose afterAdd C:\Users\STD\AppData\Roaming\npm-cache\algoliasearch\3.18.1\package\package.json written
137 silly fetchNamedPackageData agentkeepalive
138 silly mapToRegistry name agentkeepalive
139 silly mapToRegistry using default registry
140 silly mapToRegistry registry https://registry.npm.taobao.org/
141 silly mapToRegistry data Result {
141 silly mapToRegistry   raw: 'agentkeepalive',
141 silly mapToRegistry   scope: null,
141 silly mapToRegistry   name: 'agentkeepalive',
141 silly mapToRegistry   rawSpec: '',
141 silly mapToRegistry   spec: 'latest',
141 silly mapToRegistry   type: 'tag' }
142 silly mapToRegistry uri https://registry.npm.taobao.org/agentkeepalive
143 silly fetchNamedPackageData debug-ms-fix-yui-compressor
144 silly mapToRegistry name debug-ms-fix-yui-compressor
145 silly mapToRegistry using default registry
146 silly mapToRegistry registry https://registry.npm.taobao.org/
147 silly mapToRegistry data Result {
147 silly mapToRegistry   raw: 'debug-ms-fix-yui-compressor',
147 silly mapToRegistry   scope: null,
147 silly mapToRegistry   name: 'debug-ms-fix-yui-compressor',
147 silly mapToRegistry   rawSpec: '',
147 silly mapToRegistry   spec: 'latest',
147 silly mapToRegistry   type: 'tag' }
148 silly mapToRegistry uri https://registry.npm.taobao.org/debug-ms-fix-yui-compressor
149 silly fetchNamedPackageData envify
150 silly mapToRegistry name envify
151 silly mapToRegistry using default registry
152 silly mapToRegistry registry https://registry.npm.taobao.org/
153 silly mapToRegistry data Result {
153 silly mapToRegistry   raw: 'envify',
153 silly mapToRegistry   scope: null,
153 silly mapToRegistry   name: 'envify',
153 silly mapToRegistry   rawSpec: '',
153 silly mapToRegistry   spec: 'latest',
153 silly mapToRegistry   type: 'tag' }
154 silly mapToRegistry uri https://registry.npm.taobao.org/envify
155 silly fetchNamedPackageData es6-promise
156 silly mapToRegistry name es6-promise
157 silly mapToRegistry using default registry
158 silly mapToRegistry registry https://registry.npm.taobao.org/
159 silly mapToRegistry data Result {
159 silly mapToRegistry   raw: 'es6-promise',
159 silly mapToRegistry   scope: null,
159 silly mapToRegistry   name: 'es6-promise',
159 silly mapToRegistry   rawSpec: '',
159 silly mapToRegistry   spec: 'latest',
159 silly mapToRegistry   type: 'tag' }
160 silly mapToRegistry uri https://registry.npm.taobao.org/es6-promise
161 silly fetchNamedPackageData events
162 silly mapToRegistry name events
163 silly mapToRegistry using default registry
164 silly mapToRegistry registry https://registry.npm.taobao.org/
165 silly mapToRegistry data Result {
165 silly mapToRegistry   raw: 'events',
165 silly mapToRegistry   scope: null,
165 silly mapToRegistry   name: 'events',
165 silly mapToRegistry   rawSpec: '',
165 silly mapToRegistry   spec: 'latest',
165 silly mapToRegistry   type: 'tag' }
166 silly mapToRegistry uri https://registry.npm.taobao.org/events
167 silly fetchNamedPackageData foreach
168 silly mapToRegistry name foreach
169 silly mapToRegistry using default registry
170 silly mapToRegistry registry https://registry.npm.taobao.org/
171 silly mapToRegistry data Result {
171 silly mapToRegistry   raw: 'foreach',
171 silly mapToRegistry   scope: null,
171 silly mapToRegistry   name: 'foreach',
171 silly mapToRegistry   rawSpec: '',
171 silly mapToRegistry   spec: 'latest',
171 silly mapToRegistry   type: 'tag' }
172 silly mapToRegistry uri https://registry.npm.taobao.org/foreach
173 silly fetchNamedPackageData global
174 silly mapToRegistry name global
175 silly mapToRegistry using default registry
176 silly mapToRegistry registry https://registry.npm.taobao.org/
177 silly mapToRegistry data Result {
177 silly mapToRegistry   raw: 'global',
177 silly mapToRegistry   scope: null,
177 silly mapToRegistry   name: 'global',
177 silly mapToRegistry   rawSpec: '',
177 silly mapToRegistry   spec: 'latest',
177 silly mapToRegistry   type: 'tag' }
178 silly mapToRegistry uri https://registry.npm.taobao.org/global
179 silly fetchNamedPackageData isarray
180 silly mapToRegistry name isarray
181 silly mapToRegistry using default registry
182 silly mapToRegistry registry https://registry.npm.taobao.org/
183 silly mapToRegistry data Result {
183 silly mapToRegistry   raw: 'isarray',
183 silly mapToRegistry   scope: null,
183 silly mapToRegistry   name: 'isarray',
183 silly mapToRegistry   rawSpec: '',
183 silly mapToRegistry   spec: 'latest',
183 silly mapToRegistry   type: 'tag' }
184 silly mapToRegistry uri https://registry.npm.taobao.org/isarray
185 silly fetchNamedPackageData load-script
186 silly mapToRegistry name load-script
187 silly mapToRegistry using default registry
188 silly mapToRegistry registry https://registry.npm.taobao.org/
189 silly mapToRegistry data Result {
189 silly mapToRegistry   raw: 'load-script',
189 silly mapToRegistry   scope: null,
189 silly mapToRegistry   name: 'load-script',
189 silly mapToRegistry   rawSpec: '',
189 silly mapToRegistry   spec: 'latest',
189 silly mapToRegistry   type: 'tag' }
190 silly mapToRegistry uri https://registry.npm.taobao.org/load-script
191 silly fetchNamedPackageData querystring-es3
192 silly mapToRegistry name querystring-es3
193 silly mapToRegistry using default registry
194 silly mapToRegistry registry https://registry.npm.taobao.org/
195 silly mapToRegistry data Result {
195 silly mapToRegistry   raw: 'querystring-es3',
195 silly mapToRegistry   scope: null,
195 silly mapToRegistry   name: 'querystring-es3',
195 silly mapToRegistry   rawSpec: '',
195 silly mapToRegistry   spec: 'latest',
195 silly mapToRegistry   type: 'tag' }
196 silly mapToRegistry uri https://registry.npm.taobao.org/querystring-es3
197 silly fetchNamedPackageData reduce
198 silly mapToRegistry name reduce
199 silly mapToRegistry using default registry
200 silly mapToRegistry registry https://registry.npm.taobao.org/
201 silly mapToRegistry data Result {
201 silly mapToRegistry   raw: 'reduce',
201 silly mapToRegistry   scope: null,
201 silly mapToRegistry   name: 'reduce',
201 silly mapToRegistry   rawSpec: '',
201 silly mapToRegistry   spec: 'latest',
201 silly mapToRegistry   type: 'tag' }
202 silly mapToRegistry uri https://registry.npm.taobao.org/reduce
203 silly fetchNamedPackageData semver
204 silly mapToRegistry name semver
205 silly mapToRegistry using default registry
206 silly mapToRegistry registry https://registry.npm.taobao.org/
207 silly mapToRegistry data Result {
207 silly mapToRegistry   raw: 'semver',
207 silly mapToRegistry   scope: null,
207 silly mapToRegistry   name: 'semver',
207 silly mapToRegistry   rawSpec: '',
207 silly mapToRegistry   spec: 'latest',
207 silly mapToRegistry   type: 'tag' }
208 silly mapToRegistry uri https://registry.npm.taobao.org/semver
209 verbose request uri https://registry.npm.taobao.org/debug-ms-fix-yui-compressor
210 verbose request no auth needed
211 info attempt registry request try #1 at 15:38:41
212 verbose etag "225f-UwUq7KR9OOLY8tUn/r/YWQ"
213 http request GET https://registry.npm.taobao.org/debug-ms-fix-yui-compressor
214 verbose request uri https://registry.npm.taobao.org/agentkeepalive
215 verbose request no auth needed
216 info attempt registry request try #1 at 15:38:41
217 verbose etag "c93f-v/X+JFKZJUHT0YIiiiWdvg"
218 http request GET https://registry.npm.taobao.org/agentkeepalive
219 verbose request uri https://registry.npm.taobao.org/envify
220 verbose request no auth needed
221 info attempt registry request try #1 at 15:38:41
222 verbose etag "6e91-938mSMJXWBXQcTPn/JJoFQ"
223 http request GET https://registry.npm.taobao.org/envify
224 verbose request uri https://registry.npm.taobao.org/es6-promise
225 verbose request no auth needed
226 info attempt registry request try #1 at 15:38:41
227 verbose etag "9ef3-Kmhpi102GtPBU58J1GkUDg"
228 http request GET https://registry.npm.taobao.org/es6-promise
229 verbose request uri https://registry.npm.taobao.org/foreach
230 verbose request no auth needed
231 info attempt registry request try #1 at 15:38:41
232 verbose etag "2254-E4URnxQOf930wLbsKLdk2A"
233 http request GET https://registry.npm.taobao.org/foreach
234 verbose request uri https://registry.npm.taobao.org/events
235 verbose request no auth needed
236 info attempt registry request try #1 at 15:38:41
237 verbose etag "3ee3-ykUcBlyDj1MO7j1qAEgm2w"
238 http request GET https://registry.npm.taobao.org/events
239 verbose request uri https://registry.npm.taobao.org/global
240 verbose request no auth needed
241 info attempt registry request try #1 at 15:38:41
242 verbose etag "706e-5wAJoZ3fORAZFpzxZ+Jhfw"
243 http request GET https://registry.npm.taobao.org/global
244 verbose request uri https://registry.npm.taobao.org/isarray
245 verbose request no auth needed
246 info attempt registry request try #1 at 15:38:41
247 verbose etag "17f7-NFTGLY5JnNfpZ9jncJS+jg"
248 http request GET https://registry.npm.taobao.org/isarray
249 verbose request uri https://registry.npm.taobao.org/load-script
250 verbose request no auth needed
251 info attempt registry request try #1 at 15:38:41
252 verbose etag "1b71-mWho7ZeSke2OYAr80b4dBA"
253 http request GET https://registry.npm.taobao.org/load-script
254 verbose request uri https://registry.npm.taobao.org/querystring-es3
255 verbose request no auth needed
256 info attempt registry request try #1 at 15:38:41
257 verbose etag "188c-mE5c2FZDukvevEIAJiLzuQ"
258 http request GET https://registry.npm.taobao.org/querystring-es3
259 verbose request uri https://registry.npm.taobao.org/reduce
260 verbose request no auth needed
261 info attempt registry request try #1 at 15:38:41
262 verbose etag "1c24-jtIMIqq6VPnTK+lpGVihxg"
263 http request GET https://registry.npm.taobao.org/reduce
264 verbose request uri https://registry.npm.taobao.org/semver
265 verbose request no auth needed
266 info attempt registry request try #1 at 15:38:41
267 verbose etag "140d9-LRa+WaCVfiW/6lDaGQj4og"
268 http request GET https://registry.npm.taobao.org/semver
269 http 304 https://registry.npm.taobao.org/debug-ms-fix-yui-compressor
270 verbose headers { date: 'Tue, 20 Sep 2016 07:38:40 GMT',
270 verbose headers   connection: 'keep-alive',
270 verbose headers   'x-current-requests': '1',
270 verbose headers   etag: '"225f-UwUq7KR9OOLY8tUn/r/YWQ"',
270 verbose headers   'x-readtime': '12' }
271 silly get cb [ 304,
271 silly get   { date: 'Tue, 20 Sep 2016 07:38:40 GMT',
271 silly get     connection: 'keep-alive',
271 silly get     'x-current-requests': '1',
271 silly get     etag: '"225f-UwUq7KR9OOLY8tUn/r/YWQ"',
271 silly get     'x-readtime': '12' } ]
272 verbose etag https://registry.npm.taobao.org/debug-ms-fix-yui-compressor from cache
273 verbose get saving debug-ms-fix-yui-compressor to C:\Users\STD\AppData\Roaming\npm-cache\registry.npm.taobao.org\debug-ms-fix-yui-compressor\.cache.json
274 verbose correctMkdir C:\Users\STD\AppData\Roaming\npm-cache correctMkdir not in flight; initializing
275 silly fetchPackageMetaData Error: No compatible version found: debug-ms-fix-yui-compressor@2.2.2-future-reserved-word-fix-ms
275 silly fetchPackageMetaData Valid install targets:
275 silly fetchPackageMetaData 2.2.0-future-reserved-word-fix-ms
275 silly fetchPackageMetaData
275 silly fetchPackageMetaData     at pickVersionFromRegistryDocument (C:\Program Files\nodejs\node_modules\npm\lib\fetch-package-metadata.js:156:16)
275 silly fetchPackageMetaData     at C:\Program Files\nodejs\node_modules\npm\node_modules\iferr\index.js:13:50
275 silly fetchPackageMetaData     at C:\Program Files\nodejs\node_modules\npm\lib\utils\pulse-till-done.js:19:8
275 silly fetchPackageMetaData     at saved (C:\Program Files\nodejs\node_modules\npm\lib\cache\caching-client.js:168:7)
275 silly fetchPackageMetaData     at C:\Program Files\nodejs\node_modules\npm\node_modules\graceful-fs\polyfills.js:210:7
275 silly fetchPackageMetaData     at FSReqWrap.oncomplete (fs.js:82:15)
275 silly fetchPackageMetaData  error for debug-ms-fix-yui-compressor@2.2.2-future-reserved-word-fix-ms [Error: No compatible version found: debug-ms-fix-yui-compressor@2.2.2-future-reserved-word-fix-ms
275 silly fetchPackageMetaData Valid install targets:
275 silly fetchPackageMetaData 2.2.0-future-reserved-word-fix-ms
275 silly fetchPackageMetaData ]
276 http 304 https://registry.npm.taobao.org/agentkeepalive
277 verbose headers { date: 'Tue, 20 Sep 2016 07:38:40 GMT',
277 verbose headers   connection: 'keep-alive',
277 verbose headers   'x-current-requests': '1',
277 verbose headers   etag: '"c93f-v/X+JFKZJUHT0YIiiiWdvg"',
277 verbose headers   'x-readtime': '24' }
278 silly get cb [ 304,
278 silly get   { date: 'Tue, 20 Sep 2016 07:38:40 GMT',
278 silly get     connection: 'keep-alive',
278 silly get     'x-current-requests': '1',
278 silly get     etag: '"c93f-v/X+JFKZJUHT0YIiiiWdvg"',
278 silly get     'x-readtime': '24' } ]
279 verbose etag https://registry.npm.taobao.org/agentkeepalive from cache
280 verbose get saving agentkeepalive to C:\Users\STD\AppData\Roaming\npm-cache\registry.npm.taobao.org\agentkeepalive\.cache.json
281 verbose correctMkdir C:\Users\STD\AppData\Roaming\npm-cache correctMkdir not in flight; initializing
282 silly resolveWithNewModule agentkeepalive@2.2.0 checking installable status
283 silly cache add args [ 'agentkeepalive@^2.1.1', null ]
284 verbose cache add spec agentkeepalive@^2.1.1
285 silly cache add parsed spec Result {
285 silly cache add   raw: 'agentkeepalive@^2.1.1',
285 silly cache add   scope: null,
285 silly cache add   name: 'agentkeepalive',
285 silly cache add   rawSpec: '^2.1.1',
285 silly cache add   spec: '>=2.1.1 <3.0.0',
285 silly cache add   type: 'range' }
286 silly addNamed agentkeepalive@>=2.1.1 <3.0.0
287 verbose addNamed ">=2.1.1 <3.0.0" is a valid semver range for agentkeepalive
288 silly addNameRange { name: 'agentkeepalive',
288 silly addNameRange   range: '>=2.1.1 <3.0.0',
288 silly addNameRange   hasData: false }
289 silly mapToRegistry name agentkeepalive
290 silly mapToRegistry using default registry
291 silly mapToRegistry registry https://registry.npm.taobao.org/
292 silly mapToRegistry data Result {
292 silly mapToRegistry   raw: 'agentkeepalive',
292 silly mapToRegistry   scope: null,
292 silly mapToRegistry   name: 'agentkeepalive',
292 silly mapToRegistry   rawSpec: '',
292 silly mapToRegistry   spec: 'latest',
292 silly mapToRegistry   type: 'tag' }
293 silly mapToRegistry uri https://registry.npm.taobao.org/agentkeepalive
294 verbose addNameRange registry:https://registry.npm.taobao.org/agentkeepalive not in flight; fetching
295 verbose get https://registry.npm.taobao.org/agentkeepalive not expired, no request
296 silly addNameRange number 2 { name: 'agentkeepalive',
296 silly addNameRange   range: '>=2.1.1 <3.0.0',
296 silly addNameRange   hasData: true }
297 silly addNameRange versions [ 'agentkeepalive',
297 silly addNameRange   [ '2.2.0',
297 silly addNameRange     '2.1.1',
297 silly addNameRange     '2.1.0',
297 silly addNameRange     '2.0.5',
297 silly addNameRange     '2.0.4',
297 silly addNameRange     '2.0.3',
297 silly addNameRange     '2.0.2',
297 silly addNameRange     '2.0.1',
297 silly addNameRange     '2.0.0',
297 silly addNameRange     '1.2.1',
297 silly addNameRange     '0.2.4',
297 silly addNameRange     '0.2.3',
297 silly addNameRange     '1.2.0',
297 silly addNameRange     '1.1.0',
297 silly addNameRange     '1.0.0',
297 silly addNameRange     '0.2.2',
297 silly addNameRange     '0.2.1',
297 silly addNameRange     '0.2.0',
297 silly addNameRange     '0.1.5',
297 silly addNameRange     '0.1.4',
297 silly addNameRange     '0.1.3',
297 silly addNameRange     '0.1.2',
297 silly addNameRange     '0.1.1',
297 silly addNameRange     '0.1.0',
297 silly addNameRange     '0.0.3',
297 silly addNameRange     '0.0.1' ] ]
298 silly addNamed agentkeepalive@2.2.0
299 verbose addNamed "2.2.0" is a plain semver version for agentkeepalive
300 silly cache afterAdd agentkeepalive@2.2.0
301 verbose afterAdd C:\Users\STD\AppData\Roaming\npm-cache\agentkeepalive\2.2.0\package\package.json not in flight; writing
302 verbose correctMkdir C:\Users\STD\AppData\Roaming\npm-cache correctMkdir not in flight; initializing
303 verbose afterAdd C:\Users\STD\AppData\Roaming\npm-cache\agentkeepalive\2.2.0\package\package.json written
304 http 304 https://registry.npm.taobao.org/reduce
305 verbose headers { date: 'Tue, 20 Sep 2016 07:38:40 GMT',
305 verbose headers   connection: 'keep-alive',
305 verbose headers   'x-current-requests': '1',
305 verbose headers   etag: '"1c24-jtIMIqq6VPnTK+lpGVihxg"',
305 verbose headers   'x-readtime': '12' }
306 silly get cb [ 304,
306 silly get   { date: 'Tue, 20 Sep 2016 07:38:40 GMT',
306 silly get     connection: 'keep-alive',
306 silly get     'x-current-requests': '1',
306 silly get     etag: '"1c24-jtIMIqq6VPnTK+lpGVihxg"',
306 silly get     'x-readtime': '12' } ]
307 verbose etag https://registry.npm.taobao.org/reduce from cache
308 verbose get saving reduce to C:\Users\STD\AppData\Roaming\npm-cache\registry.npm.taobao.org\reduce\.cache.json
309 verbose correctMkdir C:\Users\STD\AppData\Roaming\npm-cache correctMkdir not in flight; initializing
310 http 304 https://registry.npm.taobao.org/es6-promise
311 verbose headers { date: 'Tue, 20 Sep 2016 07:38:40 GMT',
311 verbose headers   connection: 'keep-alive',
311 verbose headers   'x-current-requests': '1',
311 verbose headers   etag: '"9ef3-Kmhpi102GtPBU58J1GkUDg"',
311 verbose headers   'x-readtime': '19' }
312 silly get cb [ 304,
312 silly get   { date: 'Tue, 20 Sep 2016 07:38:40 GMT',
312 silly get     connection: 'keep-alive',
312 silly get     'x-current-requests': '1',
312 silly get     etag: '"9ef3-Kmhpi102GtPBU58J1GkUDg"',
312 silly get     'x-readtime': '19' } ]
313 verbose etag https://registry.npm.taobao.org/es6-promise from cache
314 verbose get saving es6-promise to C:\Users\STD\AppData\Roaming\npm-cache\registry.npm.taobao.org\es6-promise\.cache.json
315 verbose correctMkdir C:\Users\STD\AppData\Roaming\npm-cache correctMkdir not in flight; initializing
316 http 304 https://registry.npm.taobao.org/envify
317 verbose headers { date: 'Tue, 20 Sep 2016 07:38:40 GMT',
317 verbose headers   connection: 'keep-alive',
317 verbose headers   'x-current-requests': '1',
317 verbose headers   etag: '"6e91-938mSMJXWBXQcTPn/JJoFQ"',
317 verbose headers   'x-readtime': '16' }
318 silly get cb [ 304,
318 silly get   { date: 'Tue, 20 Sep 2016 07:38:40 GMT',
318 silly get     connection: 'keep-alive',
318 silly get     'x-current-requests': '1',
318 silly get     etag: '"6e91-938mSMJXWBXQcTPn/JJoFQ"',
318 silly get     'x-readtime': '16' } ]
319 verbose etag https://registry.npm.taobao.org/envify from cache
320 verbose get saving envify to C:\Users\STD\AppData\Roaming\npm-cache\registry.npm.taobao.org\envify\.cache.json
321 verbose correctMkdir C:\Users\STD\AppData\Roaming\npm-cache correctMkdir not in flight; initializing
322 silly resolveWithNewModule reduce@1.0.1 checking installable status
323 silly cache add args [ 'reduce@^1.0.1', null ]
324 verbose cache add spec reduce@^1.0.1
325 silly cache add parsed spec Result {
325 silly cache add   raw: 'reduce@^1.0.1',
325 silly cache add   scope: null,
325 silly cache add   name: 'reduce',
325 silly cache add   rawSpec: '^1.0.1',
325 silly cache add   spec: '>=1.0.1 <2.0.0',
325 silly cache add   type: 'range' }
326 silly addNamed reduce@>=1.0.1 <2.0.0
327 verbose addNamed ">=1.0.1 <2.0.0" is a valid semver range for reduce
328 silly addNameRange { name: 'reduce', range: '>=1.0.1 <2.0.0', hasData: false }
329 silly mapToRegistry name reduce
330 silly mapToRegistry using default registry
331 silly mapToRegistry registry https://registry.npm.taobao.org/
332 silly mapToRegistry data Result {
332 silly mapToRegistry   raw: 'reduce',
332 silly mapToRegistry   scope: null,
332 silly mapToRegistry   name: 'reduce',
332 silly mapToRegistry   rawSpec: '',
332 silly mapToRegistry   spec: 'latest',
332 silly mapToRegistry   type: 'tag' }
333 silly mapToRegistry uri https://registry.npm.taobao.org/reduce
334 verbose addNameRange registry:https://registry.npm.taobao.org/reduce not in flight; fetching
335 http 304 https://registry.npm.taobao.org/foreach
336 verbose headers { date: 'Tue, 20 Sep 2016 07:38:40 GMT',
336 verbose headers   connection: 'keep-alive',
336 verbose headers   'x-current-requests': '1',
336 verbose headers   etag: '"2254-E4URnxQOf930wLbsKLdk2A"',
336 verbose headers   'x-readtime': '11' }
337 silly get cb [ 304,
337 silly get   { date: 'Tue, 20 Sep 2016 07:38:40 GMT',
337 silly get     connection: 'keep-alive',
337 silly get     'x-current-requests': '1',
337 silly get     etag: '"2254-E4URnxQOf930wLbsKLdk2A"',
337 silly get     'x-readtime': '11' } ]
338 verbose etag https://registry.npm.taobao.org/foreach from cache
339 verbose get saving foreach to C:\Users\STD\AppData\Roaming\npm-cache\registry.npm.taobao.org\foreach\.cache.json
340 verbose correctMkdir C:\Users\STD\AppData\Roaming\npm-cache correctMkdir not in flight; initializing
341 verbose get https://registry.npm.taobao.org/reduce not expired, no request
342 silly addNameRange number 2 { name: 'reduce', range: '>=1.0.1 <2.0.0', hasData: true }
343 silly addNameRange versions [ 'reduce', [ '1.0.1', '1.0.0', '0.1.2', '0.1.0' ] ]
344 silly addNamed reduce@1.0.1
345 verbose addNamed "1.0.1" is a plain semver version for reduce
346 silly cache afterAdd reduce@1.0.1
347 verbose afterAdd C:\Users\STD\AppData\Roaming\npm-cache\reduce\1.0.1\package\package.json not in flight; writing
348 verbose correctMkdir C:\Users\STD\AppData\Roaming\npm-cache correctMkdir not in flight; initializing
349 silly resolveWithNewModule es6-promise@3.3.1 checking installable status
350 silly cache add args [ 'es6-promise@^3.2.1', null ]
351 verbose cache add spec es6-promise@^3.2.1
352 silly cache add parsed spec Result {
352 silly cache add   raw: 'es6-promise@^3.2.1',
352 silly cache add   scope: null,
352 silly cache add   name: 'es6-promise',
352 silly cache add   rawSpec: '^3.2.1',
352 silly cache add   spec: '>=3.2.1 <4.0.0',
352 silly cache add   type: 'range' }
353 silly addNamed es6-promise@>=3.2.1 <4.0.0
354 verbose addNamed ">=3.2.1 <4.0.0" is a valid semver range for es6-promise
355 silly addNameRange { name: 'es6-promise', range: '>=3.2.1 <4.0.0', hasData: false }
356 silly mapToRegistry name es6-promise
357 silly mapToRegistry using default registry
358 silly mapToRegistry registry https://registry.npm.taobao.org/
359 silly mapToRegistry data Result {
359 silly mapToRegistry   raw: 'es6-promise',
359 silly mapToRegistry   scope: null,
359 silly mapToRegistry   name: 'es6-promise',
359 silly mapToRegistry   rawSpec: '',
359 silly mapToRegistry   spec: 'latest',
359 silly mapToRegistry   type: 'tag' }
360 silly mapToRegistry uri https://registry.npm.taobao.org/es6-promise
361 verbose addNameRange registry:https://registry.npm.taobao.org/es6-promise not in flight; fetching
362 silly resolveWithNewModule envify@3.4.1 checking installable status
363 silly cache add args [ 'envify@^3.4.0', null ]
364 verbose cache add spec envify@^3.4.0
365 silly cache add parsed spec Result {
365 silly cache add   raw: 'envify@^3.4.0',
365 silly cache add   scope: null,
365 silly cache add   name: 'envify',
365 silly cache add   rawSpec: '^3.4.0',
365 silly cache add   spec: '>=3.4.0 <4.0.0',
365 silly cache add   type: 'range' }
366 silly addNamed envify@>=3.4.0 <4.0.0
367 verbose addNamed ">=3.4.0 <4.0.0" is a valid semver range for envify
368 silly addNameRange { name: 'envify', range: '>=3.4.0 <4.0.0', hasData: false }
369 silly mapToRegistry name envify
370 silly mapToRegistry using default registry
371 silly mapToRegistry registry https://registry.npm.taobao.org/
372 silly mapToRegistry data Result {
372 silly mapToRegistry   raw: 'envify',
372 silly mapToRegistry   scope: null,
372 silly mapToRegistry   name: 'envify',
372 silly mapToRegistry   rawSpec: '',
372 silly mapToRegistry   spec: 'latest',
372 silly mapToRegistry   type: 'tag' }
373 silly mapToRegistry uri https://registry.npm.taobao.org/envify
374 verbose addNameRange registry:https://registry.npm.taobao.org/envify not in flight; fetching
375 verbose afterAdd C:\Users\STD\AppData\Roaming\npm-cache\reduce\1.0.1\package\package.json written
376 silly resolveWithNewModule foreach@2.0.5 checking installable status
377 silly cache add args [ 'foreach@^2.0.5', null ]
378 verbose cache add spec foreach@^2.0.5
379 silly cache add parsed spec Result {
379 silly cache add   raw: 'foreach@^2.0.5',
379 silly cache add   scope: null,
379 silly cache add   name: 'foreach',
379 silly cache add   rawSpec: '^2.0.5',
379 silly cache add   spec: '>=2.0.5 <3.0.0',
379 silly cache add   type: 'range' }
380 silly addNamed foreach@>=2.0.5 <3.0.0
381 verbose addNamed ">=2.0.5 <3.0.0" is a valid semver range for foreach
382 silly addNameRange { name: 'foreach', range: '>=2.0.5 <3.0.0', hasData: false }
383 silly mapToRegistry name foreach
384 silly mapToRegistry using default registry
385 silly mapToRegistry registry https://registry.npm.taobao.org/
386 silly mapToRegistry data Result {
386 silly mapToRegistry   raw: 'foreach',
386 silly mapToRegistry   scope: null,
386 silly mapToRegistry   name: 'foreach',
386 silly mapToRegistry   rawSpec: '',
386 silly mapToRegistry   spec: 'latest',
386 silly mapToRegistry   type: 'tag' }
387 silly mapToRegistry uri https://registry.npm.taobao.org/foreach
388 verbose addNameRange registry:https://registry.npm.taobao.org/foreach not in flight; fetching
389 verbose get https://registry.npm.taobao.org/es6-promise not expired, no request
390 silly addNameRange number 2 { name: 'es6-promise', range: '>=3.2.1 <4.0.0', hasData: true }
391 silly addNameRange versions [ 'es6-promise',
391 silly addNameRange   [ '3.3.1',
391 silly addNameRange     '3.3.0',
391 silly addNameRange     '3.2.1',
391 silly addNameRange     '3.1.2',
391 silly addNameRange     '3.0.2',
391 silly addNameRange     '3.0.1',
391 silly addNameRange     '3.0.0',
391 silly addNameRange     '2.3.0',
391 silly addNameRange     '2.2.0',
391 silly addNameRange     '2.1.1',
391 silly addNameRange     '2.1.0',
391 silly addNameRange     '2.0.1',
391 silly addNameRange     '2.0.0',
391 silly addNameRange     '1.0.0',
391 silly addNameRange     '0.1.2',
391 silly addNameRange     '0.1.1',
391 silly addNameRange     '0.1.0' ] ]
392 silly addNamed es6-promise@3.3.1
393 verbose addNamed "3.3.1" is a plain semver version for es6-promise
394 verbose get https://registry.npm.taobao.org/envify not expired, no request
395 silly addNameRange number 2 { name: 'envify', range: '>=3.4.0 <4.0.0', hasData: true }
396 silly addNameRange versions [ 'envify',
396 silly addNameRange   [ '3.4.1',
396 silly addNameRange     '3.4.0',
396 silly addNameRange     '3.3.1',
396 silly addNameRange     '3.3.0',
396 silly addNameRange     '3.2.0',
396 silly addNameRange     '3.1.0',
396 silly addNameRange     '3.0.0',
396 silly addNameRange     '2.0.1',
396 silly addNameRange     '2.0.0',
396 silly addNameRange     '1.2.1',
396 silly addNameRange     '1.2.0',
396 silly addNameRange     '1.1.0',
396 silly addNameRange     '1.0.1',
396 silly addNameRange     '1.0.0',
396 silly addNameRange     '0.2.0',
396 silly addNameRange     '0.1.0',
396 silly addNameRange     '0.0.1' ] ]
397 silly addNamed envify@3.4.1
398 verbose addNamed "3.4.1" is a plain semver version for envify
399 verbose get https://registry.npm.taobao.org/foreach not expired, no request
400 silly addNameRange number 2 { name: 'foreach', range: '>=2.0.5 <3.0.0', hasData: true }
401 silly addNameRange versions [ 'foreach',
401 silly addNameRange   [ '2.0.5', '2.0.4', '2.0.3', '2.0.2', '2.0.1', '2.0.0', '1.3.3' ] ]
402 silly addNamed foreach@2.0.5
403 verbose addNamed "2.0.5" is a plain semver version for foreach
404 silly cache afterAdd es6-promise@3.3.1
405 verbose afterAdd C:\Users\STD\AppData\Roaming\npm-cache\es6-promise\3.3.1\package\package.json not in flight; writing
406 verbose correctMkdir C:\Users\STD\AppData\Roaming\npm-cache correctMkdir not in flight; initializing
407 http 304 https://registry.npm.taobao.org/global
408 verbose headers { date: 'Tue, 20 Sep 2016 07:38:40 GMT',
408 verbose headers   connection: 'keep-alive',
408 verbose headers   'x-current-requests': '1',
408 verbose headers   etag: '"706e-5wAJoZ3fORAZFpzxZ+Jhfw"',
408 verbose headers   'x-readtime': '17' }
409 silly get cb [ 304,
409 silly get   { date: 'Tue, 20 Sep 2016 07:38:40 GMT',
409 silly get     connection: 'keep-alive',
409 silly get     'x-current-requests': '1',
409 silly get     etag: '"706e-5wAJoZ3fORAZFpzxZ+Jhfw"',
409 silly get     'x-readtime': '17' } ]
410 verbose etag https://registry.npm.taobao.org/global from cache
411 verbose get saving global to C:\Users\STD\AppData\Roaming\npm-cache\registry.npm.taobao.org\global\.cache.json
412 verbose correctMkdir C:\Users\STD\AppData\Roaming\npm-cache correctMkdir not in flight; initializing
413 http 304 https://registry.npm.taobao.org/querystring-es3
414 verbose headers { date: 'Tue, 20 Sep 2016 07:38:40 GMT',
414 verbose headers   connection: 'keep-alive',
414 verbose headers   'x-current-requests': '1',
414 verbose headers   etag: '"188c-mE5c2FZDukvevEIAJiLzuQ"',
414 verbose headers   'x-readtime': '22' }
415 silly get cb [ 304,
415 silly get   { date: 'Tue, 20 Sep 2016 07:38:40 GMT',
415 silly get     connection: 'keep-alive',
415 silly get     'x-current-requests': '1',
415 silly get     etag: '"188c-mE5c2FZDukvevEIAJiLzuQ"',
415 silly get     'x-readtime': '22' } ]
416 verbose etag https://registry.npm.taobao.org/querystring-es3 from cache
417 verbose get saving querystring-es3 to C:\Users\STD\AppData\Roaming\npm-cache\registry.npm.taobao.org\querystring-es3\.cache.json
418 verbose correctMkdir C:\Users\STD\AppData\Roaming\npm-cache correctMkdir not in flight; initializing
419 http 304 https://registry.npm.taobao.org/load-script
420 verbose headers { date: 'Tue, 20 Sep 2016 07:38:40 GMT',
420 verbose headers   connection: 'keep-alive',
420 verbose headers   'x-current-requests': '1',
420 verbose headers   etag: '"1b71-mWho7ZeSke2OYAr80b4dBA"',
420 verbose headers   'x-readtime': '12' }
421 silly get cb [ 304,
421 silly get   { date: 'Tue, 20 Sep 2016 07:38:40 GMT',
421 silly get     connection: 'keep-alive',
421 silly get     'x-current-requests': '1',
421 silly get     etag: '"1b71-mWho7ZeSke2OYAr80b4dBA"',
421 silly get     'x-readtime': '12' } ]
422 verbose etag https://registry.npm.taobao.org/load-script from cache
423 verbose get saving load-script to C:\Users\STD\AppData\Roaming\npm-cache\registry.npm.taobao.org\load-script\.cache.json
424 verbose correctMkdir C:\Users\STD\AppData\Roaming\npm-cache correctMkdir not in flight; initializing
425 http 304 https://registry.npm.taobao.org/isarray
426 verbose headers { date: 'Tue, 20 Sep 2016 07:38:40 GMT',
426 verbose headers   connection: 'keep-alive',
426 verbose headers   'x-current-requests': '1',
426 verbose headers   etag: '"17f7-NFTGLY5JnNfpZ9jncJS+jg"',
426 verbose headers   'x-readtime': '20' }
427 silly get cb [ 304,
427 silly get   { date: 'Tue, 20 Sep 2016 07:38:40 GMT',
427 silly get     connection: 'keep-alive',
427 silly get     'x-current-requests': '1',
427 silly get     etag: '"17f7-NFTGLY5JnNfpZ9jncJS+jg"',
427 silly get     'x-readtime': '20' } ]
428 verbose etag https://registry.npm.taobao.org/isarray from cache
429 verbose get saving isarray to C:\Users\STD\AppData\Roaming\npm-cache\registry.npm.taobao.org\isarray\.cache.json
430 verbose correctMkdir C:\Users\STD\AppData\Roaming\npm-cache correctMkdir not in flight; initializing
431 silly cache afterAdd envify@3.4.1
432 verbose afterAdd C:\Users\STD\AppData\Roaming\npm-cache\envify\3.4.1\package\package.json not in flight; writing
433 verbose correctMkdir C:\Users\STD\AppData\Roaming\npm-cache correctMkdir not in flight; initializing
434 silly cache afterAdd foreach@2.0.5
435 verbose afterAdd C:\Users\STD\AppData\Roaming\npm-cache\foreach\2.0.5\package\package.json not in flight; writing
436 verbose correctMkdir C:\Users\STD\AppData\Roaming\npm-cache correctMkdir not in flight; initializing
437 verbose afterAdd C:\Users\STD\AppData\Roaming\npm-cache\es6-promise\3.3.1\package\package.json written
438 silly resolveWithNewModule global@4.3.0 checking installable status
439 silly cache add args [ 'global@^4.3.0', null ]
440 verbose cache add spec global@^4.3.0
441 silly cache add parsed spec Result {
441 silly cache add   raw: 'global@^4.3.0',
441 silly cache add   scope: null,
441 silly cache add   name: 'global',
441 silly cache add   rawSpec: '^4.3.0',
441 silly cache add   spec: '>=4.3.0 <5.0.0',
441 silly cache add   type: 'range' }
442 silly addNamed global@>=4.3.0 <5.0.0
443 verbose addNamed ">=4.3.0 <5.0.0" is a valid semver range for global
444 silly addNameRange { name: 'global', range: '>=4.3.0 <5.0.0', hasData: false }
445 silly mapToRegistry name global
446 silly mapToRegistry using default registry
447 silly mapToRegistry registry https://registry.npm.taobao.org/
448 silly mapToRegistry data Result {
448 silly mapToRegistry   raw: 'global',
448 silly mapToRegistry   scope: null,
448 silly mapToRegistry   name: 'global',
448 silly mapToRegistry   rawSpec: '',
448 silly mapToRegistry   spec: 'latest',
448 silly mapToRegistry   type: 'tag' }
449 silly mapToRegistry uri https://registry.npm.taobao.org/global
450 verbose addNameRange registry:https://registry.npm.taobao.org/global not in flight; fetching
451 verbose afterAdd C:\Users\STD\AppData\Roaming\npm-cache\envify\3.4.1\package\package.json written
452 verbose afterAdd C:\Users\STD\AppData\Roaming\npm-cache\foreach\2.0.5\package\package.json written
453 silly resolveWithNewModule querystring-es3@0.2.1 checking installable status
454 silly cache add args [ 'querystring-es3@^0.2.1', null ]
455 verbose cache add spec querystring-es3@^0.2.1
456 silly cache add parsed spec Result {
456 silly cache add   raw: 'querystring-es3@^0.2.1',
456 silly cache add   scope: null,
456 silly cache add   name: 'querystring-es3',
456 silly cache add   rawSpec: '^0.2.1',
456 silly cache add   spec: '>=0.2.1 <0.3.0',
456 silly cache add   type: 'range' }
457 silly addNamed querystring-es3@>=0.2.1 <0.3.0
458 verbose addNamed ">=0.2.1 <0.3.0" is a valid semver range for querystring-es3
459 silly addNameRange { name: 'querystring-es3',
459 silly addNameRange   range: '>=0.2.1 <0.3.0',
459 silly addNameRange   hasData: false }
460 silly mapToRegistry name querystring-es3
461 silly mapToRegistry using default registry
462 silly mapToRegistry registry https://registry.npm.taobao.org/
463 silly mapToRegistry data Result {
463 silly mapToRegistry   raw: 'querystring-es3',
463 silly mapToRegistry   scope: null,
463 silly mapToRegistry   name: 'querystring-es3',
463 silly mapToRegistry   rawSpec: '',
463 silly mapToRegistry   spec: 'latest',
463 silly mapToRegistry   type: 'tag' }
464 silly mapToRegistry uri https://registry.npm.taobao.org/querystring-es3
465 verbose addNameRange registry:https://registry.npm.taobao.org/querystring-es3 not in flight; fetching
466 silly resolveWithNewModule load-script@1.0.0 checking installable status
467 silly cache add args [ 'load-script@^1.0.0', null ]
468 verbose cache add spec load-script@^1.0.0
469 silly cache add parsed spec Result {
469 silly cache add   raw: 'load-script@^1.0.0',
469 silly cache add   scope: null,
469 silly cache add   name: 'load-script',
469 silly cache add   rawSpec: '^1.0.0',
469 silly cache add   spec: '>=1.0.0 <2.0.0',
469 silly cache add   type: 'range' }
470 silly addNamed load-script@>=1.0.0 <2.0.0
471 verbose addNamed ">=1.0.0 <2.0.0" is a valid semver range for load-script
472 silly addNameRange { name: 'load-script', range: '>=1.0.0 <2.0.0', hasData: false }
473 silly mapToRegistry name load-script
474 silly mapToRegistry using default registry
475 silly mapToRegistry registry https://registry.npm.taobao.org/
476 silly mapToRegistry data Result {
476 silly mapToRegistry   raw: 'load-script',
476 silly mapToRegistry   scope: null,
476 silly mapToRegistry   name: 'load-script',
476 silly mapToRegistry   rawSpec: '',
476 silly mapToRegistry   spec: 'latest',
476 silly mapToRegistry   type: 'tag' }
477 silly mapToRegistry uri https://registry.npm.taobao.org/load-script
478 verbose addNameRange registry:https://registry.npm.taobao.org/load-script not in flight; fetching
479 silly resolveWithNewModule isarray@1.0.0 checking installable status
480 silly cache add args [ 'isarray@^1.0.0', null ]
481 verbose cache add spec isarray@^1.0.0
482 silly cache add parsed spec Result {
482 silly cache add   raw: 'isarray@^1.0.0',
482 silly cache add   scope: null,
482 silly cache add   name: 'isarray',
482 silly cache add   rawSpec: '^1.0.0',
482 silly cache add   spec: '>=1.0.0 <2.0.0',
482 silly cache add   type: 'range' }
483 silly addNamed isarray@>=1.0.0 <2.0.0
484 verbose addNamed ">=1.0.0 <2.0.0" is a valid semver range for isarray
485 silly addNameRange { name: 'isarray', range: '>=1.0.0 <2.0.0', hasData: false }
486 silly mapToRegistry name isarray
487 silly mapToRegistry using default registry
488 silly mapToRegistry registry https://registry.npm.taobao.org/
489 silly mapToRegistry data Result {
489 silly mapToRegistry   raw: 'isarray',
489 silly mapToRegistry   scope: null,
489 silly mapToRegistry   name: 'isarray',
489 silly mapToRegistry   rawSpec: '',
489 silly mapToRegistry   spec: 'latest',
489 silly mapToRegistry   type: 'tag' }
490 silly mapToRegistry uri https://registry.npm.taobao.org/isarray
491 verbose addNameRange registry:https://registry.npm.taobao.org/isarray not in flight; fetching
492 verbose get https://registry.npm.taobao.org/global not expired, no request
493 silly addNameRange number 2 { name: 'global', range: '>=4.3.0 <5.0.0', hasData: true }
494 silly addNameRange versions [ 'global',
494 silly addNameRange   [ '4.3.0',
494 silly addNameRange     '4.2.1',
494 silly addNameRange     '4.2.0',
494 silly addNameRange     '4.1.0',
494 silly addNameRange     '4.0.1',
494 silly addNameRange     '4.0.0',
494 silly addNameRange     '3.0.2',
494 silly addNameRange     '3.0.1',
494 silly addNameRange     '3.0.0',
494 silly addNameRange     '2.0.7',
494 silly addNameRange     '2.0.6',
494 silly addNameRange     '2.0.5',
494 silly addNameRange     '2.0.4',
494 silly addNameRange     '2.0.3',
494 silly addNameRange     '2.0.2',
494 silly addNameRange     '2.0.1',
494 silly addNameRange     '0.1.5',
494 silly addNameRange     '1.0.0' ] ]
495 silly addNamed global@4.3.0
496 verbose addNamed "4.3.0" is a plain semver version for global
497 verbose get https://registry.npm.taobao.org/querystring-es3 not expired, no request
498 silly addNameRange number 2 { name: 'querystring-es3',
498 silly addNameRange   range: '>=0.2.1 <0.3.0',
498 silly addNameRange   hasData: true }
499 silly addNameRange versions [ 'querystring-es3', [ '0.2.1', '0.2.1-0', '0.2.0' ] ]
500 silly addNamed querystring-es3@0.2.1
501 verbose addNamed "0.2.1" is a plain semver version for querystring-es3
502 verbose get https://registry.npm.taobao.org/load-script not expired, no request
503 silly addNameRange number 2 { name: 'load-script', range: '>=1.0.0 <2.0.0', hasData: true }
504 silly addNameRange versions [ 'load-script',
504 silly addNameRange   [ '1.0.0', '0.0.5', '0.0.4', '0.0.3', '0.0.2' ] ]
505 silly addNamed load-script@1.0.0
506 verbose addNamed "1.0.0" is a plain semver version for load-script
507 verbose get https://registry.npm.taobao.org/isarray not expired, no request
508 silly addNameRange number 2 { name: 'isarray', range: '>=1.0.0 <2.0.0', hasData: true }
509 silly addNameRange versions [ 'isarray', [ '1.0.0', '0.0.1', '0.0.0' ] ]
510 silly addNamed isarray@1.0.0
511 verbose addNamed "1.0.0" is a plain semver version for isarray
512 silly cache afterAdd global@4.3.0
513 verbose afterAdd C:\Users\STD\AppData\Roaming\npm-cache\global\4.3.0\package\package.json not in flight; writing
514 verbose correctMkdir C:\Users\STD\AppData\Roaming\npm-cache correctMkdir not in flight; initializing
515 silly cache afterAdd querystring-es3@0.2.1
516 verbose afterAdd C:\Users\STD\AppData\Roaming\npm-cache\querystring-es3\0.2.1\package\package.json not in flight; writing
517 verbose correctMkdir C:\Users\STD\AppData\Roaming\npm-cache correctMkdir not in flight; initializing
518 silly cache afterAdd load-script@1.0.0
519 verbose afterAdd C:\Users\STD\AppData\Roaming\npm-cache\load-script\1.0.0\package\package.json not in flight; writing
520 verbose correctMkdir C:\Users\STD\AppData\Roaming\npm-cache correctMkdir not in flight; initializing
521 silly cache afterAdd isarray@1.0.0
522 verbose afterAdd C:\Users\STD\AppData\Roaming\npm-cache\isarray\1.0.0\package\package.json not in flight; writing
523 verbose correctMkdir C:\Users\STD\AppData\Roaming\npm-cache correctMkdir not in flight; initializing
524 verbose afterAdd C:\Users\STD\AppData\Roaming\npm-cache\querystring-es3\0.2.1\package\package.json written
525 verbose afterAdd C:\Users\STD\AppData\Roaming\npm-cache\global\4.3.0\package\package.json written
526 verbose afterAdd C:\Users\STD\AppData\Roaming\npm-cache\load-script\1.0.0\package\package.json written
527 verbose afterAdd C:\Users\STD\AppData\Roaming\npm-cache\isarray\1.0.0\package\package.json written
528 http 304 https://registry.npm.taobao.org/semver
529 verbose headers { date: 'Tue, 20 Sep 2016 07:38:40 GMT',
529 verbose headers   connection: 'keep-alive',
529 verbose headers   'x-current-requests': '1',
529 verbose headers   etag: '"140d9-LRa+WaCVfiW/6lDaGQj4og"',
529 verbose headers   'x-readtime': '49' }
530 silly get cb [ 304,
530 silly get   { date: 'Tue, 20 Sep 2016 07:38:40 GMT',
530 silly get     connection: 'keep-alive',
530 silly get     'x-current-requests': '1',
530 silly get     etag: '"140d9-LRa+WaCVfiW/6lDaGQj4og"',
530 silly get     'x-readtime': '49' } ]
531 verbose etag https://registry.npm.taobao.org/semver from cache
532 verbose get saving semver to C:\Users\STD\AppData\Roaming\npm-cache\registry.npm.taobao.org\semver\.cache.json
533 verbose correctMkdir C:\Users\STD\AppData\Roaming\npm-cache correctMkdir not in flight; initializing
534 silly resolveWithNewModule semver@5.3.0 checking installable status
535 silly cache add args [ 'semver@^5.1.0', null ]
536 verbose cache add spec semver@^5.1.0
537 silly cache add parsed spec Result {
537 silly cache add   raw: 'semver@^5.1.0',
537 silly cache add   scope: null,
537 silly cache add   name: 'semver',
537 silly cache add   rawSpec: '^5.1.0',
537 silly cache add   spec: '>=5.1.0 <6.0.0',
537 silly cache add   type: 'range' }
538 silly addNamed semver@>=5.1.0 <6.0.0
539 verbose addNamed ">=5.1.0 <6.0.0" is a valid semver range for semver
540 silly addNameRange { name: 'semver', range: '>=5.1.0 <6.0.0', hasData: false }
541 silly mapToRegistry name semver
542 silly mapToRegistry using default registry
543 silly mapToRegistry registry https://registry.npm.taobao.org/
544 silly mapToRegistry data Result {
544 silly mapToRegistry   raw: 'semver',
544 silly mapToRegistry   scope: null,
544 silly mapToRegistry   name: 'semver',
544 silly mapToRegistry   rawSpec: '',
544 silly mapToRegistry   spec: 'latest',
544 silly mapToRegistry   type: 'tag' }
545 silly mapToRegistry uri https://registry.npm.taobao.org/semver
546 verbose addNameRange registry:https://registry.npm.taobao.org/semver not in flight; fetching
547 verbose get https://registry.npm.taobao.org/semver not expired, no request
548 silly addNameRange number 2 { name: 'semver', range: '>=5.1.0 <6.0.0', hasData: true }
549 silly addNameRange versions [ 'semver',
549 silly addNameRange   [ '5.3.0',
549 silly addNameRange     '5.2.0',
549 silly addNameRange     '5.1.1',
549 silly addNameRange     '5.1.0',
549 silly addNameRange     '5.0.3',
549 silly addNameRange     '5.0.2',
549 silly addNameRange     '5.0.1',
549 silly addNameRange     '5.0.0',
549 silly addNameRange     '4.3.6',
549 silly addNameRange     '4.3.5',
549 silly addNameRange     '4.3.4',
549 silly addNameRange     '4.3.3',
549 silly addNameRange     '4.3.2',
549 silly addNameRange     '4.3.1',
549 silly addNameRange     '4.3.0',
549 silly addNameRange     '4.2.2',
549 silly addNameRange     '4.2.1',
549 silly addNameRange     '4.2.0',
549 silly addNameRange     '4.1.1',
549 silly addNameRange     '4.1.0',
549 silly addNameRange     '4.0.3',
549 silly addNameRange     '4.0.2',
549 silly addNameRange     '4.0.0',
549 silly addNameRange     '3.0.1',
549 silly addNameRange     '3.0.0',
549 silly addNameRange     '2.3.2',
549 silly addNameRange     '2.3.1',
549 silly addNameRange     '2.3.0',
549 silly addNameRange     '2.2.1',
549 silly addNameRange     '2.2.0',
549 silly addNameRange     '2.1.0',
549 silly addNameRange     '2.0.11',
549 silly addNameRange     '2.0.10',
549 silly addNameRange     '2.0.9',
549 silly addNameRange     '2.0.8',
549 silly addNameRange     '2.0.7',
549 silly addNameRange     '2.0.6',
549 silly addNameRange     '2.0.5',
549 silly addNameRange     '2.0.4',
549 silly addNameRange     '2.0.3',
549 silly addNameRange     '2.0.2',
549 silly addNameRange     '2.0.1',
549 silly addNameRange     '2.0.0-beta',
549 silly addNameRange     '2.0.0-alpha',
549 silly addNameRange     '1.1.4',
549 silly addNameRange     '1.1.3',
549 silly addNameRange     '1.1.2',
549 silly addNameRange     '1.1.1',
549 silly addNameRange     '1.1.0',
549 silly addNameRange     '1.0.14',
549 silly addNameRange     '1.0.13',
549 silly addNameRange     '1.0.12',
549 silly addNameRange     '1.0.11',
549 silly addNameRange     '1.0.10',
549 silly addNameRange     '1.0.9',
549 silly addNameRange     '1.0.8',
549 silly addNameRange     '1.0.7',
549 silly addNameRange     '1.0.6',
549 silly addNameRange     '1.0.5',
549 silly addNameRange     '1.0.4',
549 silly addNameRange     '1.0.3',
549 silly addNameRange     '1.0.2',
549 silly addNameRange     '1.0.1',
549 silly addNameRange     '1.0.0' ] ]
550 silly addNamed semver@5.3.0
551 verbose addNamed "5.3.0" is a plain semver version for semver
552 silly cache afterAdd semver@5.3.0
553 verbose afterAdd C:\Users\STD\AppData\Roaming\npm-cache\semver\5.3.0\package\package.json not in flight; writing
554 verbose correctMkdir C:\Users\STD\AppData\Roaming\npm-cache correctMkdir not in flight; initializing
555 verbose afterAdd C:\Users\STD\AppData\Roaming\npm-cache\semver\5.3.0\package\package.json written
556 http 304 https://registry.npm.taobao.org/events
557 verbose headers { date: 'Tue, 20 Sep 2016 07:38:40 GMT',
557 verbose headers   connection: 'keep-alive',
557 verbose headers   'x-current-requests': '1',
557 verbose headers   etag: '"3ee3-ykUcBlyDj1MO7j1qAEgm2w"',
557 verbose headers   'x-readtime': '89' }
558 silly get cb [ 304,
558 silly get   { date: 'Tue, 20 Sep 2016 07:38:40 GMT',
558 silly get     connection: 'keep-alive',
558 silly get     'x-current-requests': '1',
558 silly get     etag: '"3ee3-ykUcBlyDj1MO7j1qAEgm2w"',
558 silly get     'x-readtime': '89' } ]
559 verbose etag https://registry.npm.taobao.org/events from cache
560 verbose get saving events to C:\Users\STD\AppData\Roaming\npm-cache\registry.npm.taobao.org\events\.cache.json
561 verbose correctMkdir C:\Users\STD\AppData\Roaming\npm-cache correctMkdir not in flight; initializing
562 silly resolveWithNewModule events@1.1.1 checking installable status
563 silly cache add args [ 'events@^1.1.0', null ]
564 verbose cache add spec events@^1.1.0
565 silly cache add parsed spec Result {
565 silly cache add   raw: 'events@^1.1.0',
565 silly cache add   scope: null,
565 silly cache add   name: 'events',
565 silly cache add   rawSpec: '^1.1.0',
565 silly cache add   spec: '>=1.1.0 <2.0.0',
565 silly cache add   type: 'range' }
566 silly addNamed events@>=1.1.0 <2.0.0
567 verbose addNamed ">=1.1.0 <2.0.0" is a valid semver range for events
568 silly addNameRange { name: 'events', range: '>=1.1.0 <2.0.0', hasData: false }
569 silly mapToRegistry name events
570 silly mapToRegistry using default registry
571 silly mapToRegistry registry https://registry.npm.taobao.org/
572 silly mapToRegistry data Result {
572 silly mapToRegistry   raw: 'events',
572 silly mapToRegistry   scope: null,
572 silly mapToRegistry   name: 'events',
572 silly mapToRegistry   rawSpec: '',
572 silly mapToRegistry   spec: 'latest',
572 silly mapToRegistry   type: 'tag' }
573 silly mapToRegistry uri https://registry.npm.taobao.org/events
574 verbose addNameRange registry:https://registry.npm.taobao.org/events not in flight; fetching
575 verbose get https://registry.npm.taobao.org/events not expired, no request
576 silly addNameRange number 2 { name: 'events', range: '>=1.1.0 <2.0.0', hasData: true }
577 silly addNameRange versions [ 'events',
577 silly addNameRange   [ '1.1.1',
577 silly addNameRange     '1.1.0',
577 silly addNameRange     '1.0.2',
577 silly addNameRange     '1.0.1',
577 silly addNameRange     '1.0.0',
577 silly addNameRange     '0.5.0',
577 silly addNameRange     '0.4.0',
577 silly addNameRange     '0.3.0',
577 silly addNameRange     '0.2.0',
577 silly addNameRange     '0.1.1',
577 silly addNameRange     '0.1.0' ] ]
578 silly addNamed events@1.1.1
579 verbose addNamed "1.1.1" is a plain semver version for events
580 silly cache afterAdd events@1.1.1
581 verbose afterAdd C:\Users\STD\AppData\Roaming\npm-cache\events\1.1.1\package\package.json not in flight; writing
582 verbose correctMkdir C:\Users\STD\AppData\Roaming\npm-cache correctMkdir not in flight; initializing
583 verbose afterAdd C:\Users\STD\AppData\Roaming\npm-cache\events\1.1.1\package\package.json written
584 silly rollbackFailedOptional Starting
585 silly rollbackFailedOptional Finishing
586 silly runTopLevelLifecycles Starting
587 silly runTopLevelLifecycles Finishing
588 silly install printInstalled
589 verbose stack Error: No compatible version found: debug-ms-fix-yui-compressor@2.2.2-future-reserved-word-fix-ms
589 verbose stack Valid install targets:
589 verbose stack 2.2.0-future-reserved-word-fix-ms
589 verbose stack
589 verbose stack     at pickVersionFromRegistryDocument (C:\Program Files\nodejs\node_modules\npm\lib\fetch-package-metadata.js:156:16)
589 verbose stack     at C:\Program Files\nodejs\node_modules\npm\node_modules\iferr\index.js:13:50
589 verbose stack     at C:\Program Files\nodejs\node_modules\npm\lib\utils\pulse-till-done.js:19:8
589 verbose stack     at saved (C:\Program Files\nodejs\node_modules\npm\lib\cache\caching-client.js:168:7)
589 verbose stack     at C:\Program Files\nodejs\node_modules\npm\node_modules\graceful-fs\polyfills.js:210:7
589 verbose stack     at FSReqWrap.oncomplete (fs.js:82:15)
590 verbose cwd D:\chenzimu.github.io
591 error Windows_NT 10.0.10586
592 error argv "C:\\Program Files\\nodejs\\node.exe" "C:\\Program Files\\nodejs\\node_modules\\npm\\bin\\npm-cli.js" "install" "hexo-algoliasearch" "--save"
593 error node v5.10.1
594 error npm  v3.8.3
595 error No compatible version found: debug-ms-fix-yui-compressor@2.2.2-future-reserved-word-fix-ms
595 error Valid install targets:
595 error 2.2.0-future-reserved-word-fix-ms
596 error If you need help, you may report this error at:
596 error     <https://github.com/npm/npm/issues>
597 verbose exit [ 1, true ]
